<?xml version="1.0" encoding="UTF-8"?>
<!-- Generated by org.testng.reporters.JUnitXMLReporter -->
<testsuite ignored="0" hostname="Akeem" failures="0" tests="7" name="Test" time="68.881" errors="0" timestamp="2024-08-27T21:41:06 CDT">
  <testcase classname="testCases.TC001_AccountRegistrationTest" name="verify_account_registration" time="2.944"/>
  <testcase classname="testCases.TC002_LoginTest" name="verify_Login" time="2.907"/>
  <testcase classname="testCases.TC003_LoginDDT" name="verify_loginDDT" time="2.669"/>
  <testcase classname="testCases.TC003_LoginDDT" name="verify_loginDDT" time="11.503"/>
  <testcase classname="testCases.TC003_LoginDDT" name="verify_loginDDT" time="12.077"/>
  <testcase classname="testCases.TC003_LoginDDT" name="verify_loginDDT" time="12.166"/>
  <testcase classname="testCases.TC003_LoginDDT" name="verify_loginDDT" time="3.421"/>
</testsuite> <!-- Test -->
