<?xml version="1.0" encoding="UTF-8"?>
<!-- Generated by org.testng.reporters.JUnitXMLReporter -->
<testsuite ignored="0" hostname="Akeem" failures="0" tests="32" name="chromeTest" time="326.736" errors="0" timestamp="2024-12-17T08:32:44 CST">
  <testcase classname="testCases.TC005_Checkout" name="verify_Add_to_cart" time="5.093"/>
  <testcase classname="testCases.TC005_Checkout" name="verify_successfully_checkedout" time="9.642"/>
  <testcase classname="testCases.TC005_Checkout" name="verify_products_successfully_deleted" time="6.991"/>
  <testcase classname="testCases.TC005_Checkout" name="verifyItemCountAndPrices_Matches_TotalPrice_" time="5.553"/>
  <testcase classname="testCases.TC005_Checkout" name="verifyItemCountAndPrices_Matches_TotalPrice_" time="5.442"/>
  <testcase classname="testCases.TC005_Checkout" name="verifyItemCountAndPrices_Matches_TotalPrice_" time="5.55"/>
  <testcase classname="testCases.TC005_Checkout" name="verifyItemCountAndPrices_Matches_TotalPrice_" time="4.689"/>
  <testcase classname="testCases.TC005_Checkout" name="verifyItemCountAndPrices_Matches_TotalPrice_" time="4.495"/>
  <testcase classname="testCases.TC005_Checkout" name="verifyItemCountAndPrices_Matches_TotalPrice_" time="4.614"/>
  <testcase classname="testCases.TC001_AccountRegistrationTest" name="verify_account_registration" time="7.24"/>
  <testcase classname="testCases.TC002_LoginTest" name="verify_Login" time="6.9"/>
  <testcase classname="testCases.TC003_LoginDDT" name="verify_loginDDT" time="20.285"/>
  <testcase classname="testCases.TC003_LoginDDT" name="verify_loginDDT" time="12.578"/>
  <testcase classname="testCases.TC003_LoginDDT" name="verify_loginDDT" time="12.542"/>
  <testcase classname="testCases.TC003_LoginDDT" name="verify_loginDDT" time="12.84"/>
  <testcase classname="testCases.TC003_LoginDDT" name="verify_loginDDT" time="3.82"/>
  <testcase classname="testCases.TC004_SearchProducts" name="verify_searchProducts" time="14.994"/>
  <testcase classname="testCases.TC004_SearchProducts" name="verify_searchProducts" time="11.993"/>
  <testcase classname="testCases.TC004_SearchProducts" name="verify_searchProducts" time="12.307"/>
  <testcase classname="testCases.TC004_SearchProducts" name="verify_searchProducts" time="11.668"/>
  <testcase classname="testCases.TC004_SearchProducts" name="verify_searchProducts" time="12.497"/>
  <testcase classname="testCases.TC004_SearchProducts" name="verify_searchProducts" time="11.57"/>
  <testcase classname="testCases.TC004_SearchProducts" name="verify_searchProducts" time="12.104"/>
  <testcase classname="testCases.TC004_SearchProducts" name="verify_searchProducts" time="11.722"/>
  <testcase classname="testCases.TC004_SearchProducts" name="verify_searchProducts" time="12.264"/>
  <testcase classname="testCases.TC004_SearchProducts" name="verify_adding_multiple_items_to_cart" time="8.124"/>
  <testcase classname="testCases.TC004_SearchProducts" name="verify_adding_multiple_items_to_cart" time="8.711"/>
  <testcase classname="testCases.TC004_SearchProducts" name="verify_adding_multiple_items_to_cart" time="7.857"/>
  <testcase classname="testCases.TC004_SearchProducts" name="verify_adding_multiple_items_to_cart" time="8.809"/>
  <testcase classname="testCases.TC004_SearchProducts" name="verify_adding_multiple_items_to_cart" time="8.491"/>
  <testcase classname="testCases.TC004_SearchProducts" name="verify_adding_multiple_items_to_cart" time="7.64"/>
  <testcase classname="testCases.TC004_SearchProducts" name="verify_adding_multiple_items_to_cart" time="8.533"/>
</testsuite> <!-- chromeTest -->
