<?xml version="1.0" encoding="UTF-8"?>
<!-- Generated by org.testng.reporters.JUnitXMLReporter -->
<testsuite ignored="0" hostname="Akeem" failures="0" tests="32" name="edgeTest" time="460.137" errors="0" timestamp="2024-12-17T08:40:25 CST">
  <testcase classname="testCases.TC005_Checkout" name="verify_Add_to_cart" time="1.868"/>
  <testcase classname="testCases.TC005_Checkout" name="verify_successfully_checkedout" time="10.148"/>
  <testcase classname="testCases.TC005_Checkout" name="verify_products_successfully_deleted" time="8.956"/>
  <testcase classname="testCases.TC005_Checkout" name="verifyItemCountAndPrices_Matches_TotalPrice_" time="5.528"/>
  <testcase classname="testCases.TC005_Checkout" name="verifyItemCountAndPrices_Matches_TotalPrice_" time="5.359"/>
  <testcase classname="testCases.TC005_Checkout" name="verifyItemCountAndPrices_Matches_TotalPrice_" time="4.896"/>
  <testcase classname="testCases.TC005_Checkout" name="verifyItemCountAndPrices_Matches_TotalPrice_" time="5.557"/>
  <testcase classname="testCases.TC005_Checkout" name="verifyItemCountAndPrices_Matches_TotalPrice_" time="4.82"/>
  <testcase classname="testCases.TC005_Checkout" name="verifyItemCountAndPrices_Matches_TotalPrice_" time="5.116"/>
  <testcase classname="testCases.TC001_AccountRegistrationTest" name="verify_account_registration" time="3.776"/>
  <testcase classname="testCases.TC002_LoginTest" name="verify_Login" time="2.457"/>
  <testcase classname="testCases.TC003_LoginDDT" name="verify_loginDDT" time="3.825"/>
  <testcase classname="testCases.TC003_LoginDDT" name="verify_loginDDT" time="12.173"/>
  <testcase classname="testCases.TC003_LoginDDT" name="verify_loginDDT" time="12.545"/>
  <testcase classname="testCases.TC003_LoginDDT" name="verify_loginDDT" time="12.481"/>
  <testcase classname="testCases.TC003_LoginDDT" name="verify_loginDDT" time="4.682"/>
  <testcase classname="testCases.TC004_SearchProducts" name="verify_searchProducts" time="11.94"/>
  <testcase classname="testCases.TC004_SearchProducts" name="verify_searchProducts" time="11.606"/>
  <testcase classname="testCases.TC004_SearchProducts" name="verify_searchProducts" time="12.186"/>
  <testcase classname="testCases.TC004_SearchProducts" name="verify_searchProducts" time="11.989"/>
  <testcase classname="testCases.TC004_SearchProducts" name="verify_searchProducts" time="11.773"/>
  <testcase classname="testCases.TC004_SearchProducts" name="verify_searchProducts" time="11.711"/>
  <testcase classname="testCases.TC004_SearchProducts" name="verify_searchProducts" time="11.944"/>
  <testcase classname="testCases.TC004_SearchProducts" name="verify_searchProducts" time="11.473"/>
  <testcase classname="testCases.TC004_SearchProducts" name="verify_searchProducts" time="11.651"/>
  <testcase classname="testCases.TC004_SearchProducts" name="verify_adding_multiple_items_to_cart" time="8.726"/>
  <testcase classname="testCases.TC004_SearchProducts" name="verify_adding_multiple_items_to_cart" time="6.883"/>
  <testcase classname="testCases.TC004_SearchProducts" name="verify_adding_multiple_items_to_cart" time="6.975"/>
  <testcase classname="testCases.TC004_SearchProducts" name="verify_adding_multiple_items_to_cart" time="9.974"/>
  <testcase classname="testCases.TC004_SearchProducts" name="verify_adding_multiple_items_to_cart" time="13.671"/>
  <testcase classname="testCases.TC004_SearchProducts" name="verify_adding_multiple_items_to_cart" time="12.078"/>
  <testcase classname="testCases.TC004_SearchProducts" name="verify_adding_multiple_items_to_cart" time="13.269"/>
</testsuite> <!-- edgeTest -->
