<?xml version="1.0" encoding="UTF-8"?>
<!-- Generated by org.testng.reporters.JUnitXMLReporter -->
<testsuite ignored="0" hostname="Akeem" failures="1" tests="32" name="FirefoxTest" time="345.318" errors="0" timestamp="2024-12-17T08:46:10 CST">
  <testcase classname="testCases.TC005_Checkout" name="verify_Add_to_cart" time="1.426"/>
  <testcase classname="testCases.TC005_Checkout" name="verify_successfully_checkedout" time="4.877">
    <failure type="java.lang.UnsupportedOperationException" message="You may not select an option in disabled select">
      <![CDATA[java.lang.UnsupportedOperationException: You may not select an option in disabled select
at org.openqa.selenium.support.ui.Select.assertSelectIsEnabled(Select.java:327)
at org.openqa.selenium.support.ui.Select.selectByVisibleText(Select.java:111)
at pageObjects.checkOutPage.SelectCountry(checkOutPage.java:99)
at testCases.TC005_Checkout.verify_successfully_checkedout(TC005_Checkout.java:37)
at java.base/java.util.ArrayList.forEach(ArrayList.java:1511)
... Removed 27 stack frames]]>
    </failure>
  </testcase> <!-- verify_successfully_checkedout -->
  <testcase classname="testCases.TC005_Checkout" name="verify_products_successfully_deleted" time="7.096"/>
  <testcase classname="testCases.TC005_Checkout" name="verifyItemCountAndPrices_Matches_TotalPrice_" time="4.014"/>
  <testcase classname="testCases.TC005_Checkout" name="verifyItemCountAndPrices_Matches_TotalPrice_" time="3.762"/>
  <testcase classname="testCases.TC005_Checkout" name="verifyItemCountAndPrices_Matches_TotalPrice_" time="4.009"/>
  <testcase classname="testCases.TC005_Checkout" name="verifyItemCountAndPrices_Matches_TotalPrice_" time="4.252"/>
  <testcase classname="testCases.TC005_Checkout" name="verifyItemCountAndPrices_Matches_TotalPrice_" time="3.878"/>
  <testcase classname="testCases.TC005_Checkout" name="verifyItemCountAndPrices_Matches_TotalPrice_" time="4.066"/>
  <testcase classname="testCases.TC001_AccountRegistrationTest" name="verify_account_registration" time="3.316"/>
  <testcase classname="testCases.TC002_LoginTest" name="verify_Login" time="2.484"/>
  <testcase classname="testCases.TC003_LoginDDT" name="verify_loginDDT" time="3.256"/>
  <testcase classname="testCases.TC003_LoginDDT" name="verify_loginDDT" time="11.966"/>
  <testcase classname="testCases.TC003_LoginDDT" name="verify_loginDDT" time="12.29"/>
  <testcase classname="testCases.TC003_LoginDDT" name="verify_loginDDT" time="13.452"/>
  <testcase classname="testCases.TC003_LoginDDT" name="verify_loginDDT" time="3.906"/>
  <testcase classname="testCases.TC004_SearchProducts" name="verify_searchProducts" time="11.165"/>
  <testcase classname="testCases.TC004_SearchProducts" name="verify_searchProducts" time="11.681"/>
  <testcase classname="testCases.TC004_SearchProducts" name="verify_searchProducts" time="15.544"/>
  <testcase classname="testCases.TC004_SearchProducts" name="verify_searchProducts" time="12.803"/>
  <testcase classname="testCases.TC004_SearchProducts" name="verify_searchProducts" time="11.941"/>
  <testcase classname="testCases.TC004_SearchProducts" name="verify_searchProducts" time="11.662"/>
  <testcase classname="testCases.TC004_SearchProducts" name="verify_searchProducts" time="17.214"/>
  <testcase classname="testCases.TC004_SearchProducts" name="verify_searchProducts" time="11.808"/>
  <testcase classname="testCases.TC004_SearchProducts" name="verify_searchProducts" time="12.192"/>
  <testcase classname="testCases.TC004_SearchProducts" name="verify_adding_multiple_items_to_cart" time="17.253"/>
  <testcase classname="testCases.TC004_SearchProducts" name="verify_adding_multiple_items_to_cart" time="9.284"/>
  <testcase classname="testCases.TC004_SearchProducts" name="verify_adding_multiple_items_to_cart" time="8.69"/>
  <testcase classname="testCases.TC004_SearchProducts" name="verify_adding_multiple_items_to_cart" time="10.647"/>
  <testcase classname="testCases.TC004_SearchProducts" name="verify_adding_multiple_items_to_cart" time="9.352"/>
  <testcase classname="testCases.TC004_SearchProducts" name="verify_adding_multiple_items_to_cart" time="9.827"/>
  <testcase classname="testCases.TC004_SearchProducts" name="verify_adding_multiple_items_to_cart" time="10.01"/>
</testsuite> <!-- FirefoxTest -->
