<?xml version="1.0" encoding="UTF-8"?>
<testng-results ignored="0" total="7" passed="7" failed="0" skipped="0">
  <reporter-output>
  </reporter-output>
  <suite started-at="2024-08-27T22:19:11 CDT" name="Master Suite" finished-at="2024-08-27T22:20:19 CDT" duration-ms="67516">
    <groups>
      <group name="Master">
        <method signature="TC001_AccountRegistrationTest.verify_account_registration()[pri:0, instance:testCases.TC001_AccountRegistrationTest@3d97a632]" name="verify_account_registration" class="testCases.TC001_AccountRegistrationTest"/>
        <method signature="TC002_LoginTest.verify_Login()[pri:0, instance:testCases.TC002_LoginTest@293a5f75]" name="verify_Login" class="testCases.TC002_LoginTest"/>
      </group> <!-- Master -->
      <group name="Sanity">
        <method signature="TC002_LoginTest.verify_Login()[pri:0, instance:testCases.TC002_LoginTest@293a5f75]" name="verify_Login" class="testCases.TC002_LoginTest"/>
      </group> <!-- Sanity -->
      <group name="Regression">
        <method signature="TC001_AccountRegistrationTest.verify_account_registration()[pri:0, instance:testCases.TC001_AccountRegistrationTest@3d97a632]" name="verify_account_registration" class="testCases.TC001_AccountRegistrationTest"/>
      </group> <!-- Regression -->
    </groups>
    <test started-at="2024-08-27T22:19:11 CDT" name="Test" finished-at="2024-08-27T22:20:19 CDT" duration-ms="67516">
      <class name="testCases.TC002_LoginTest">
        <test-method is-config="true" signature="setup(java.lang.String,java.lang.String)[pri:0, instance:testCases.TC002_LoginTest@293a5f75]" started-at="2024-08-27T22:19:22 CDT" name="setup" finished-at="2024-08-27T22:19:27 CDT" duration-ms="5564" status="PASS">
          <params>
            <param index="0">
              <value>
                <![CDATA[Windows]]>
              </value>
            </param>
            <param index="1">
              <value>
                <![CDATA[chrome]]>
              </value>
            </param>
          </params>
          <reporter-output>
          </reporter-output>
        </test-method> <!-- setup -->
        <test-method signature="verify_Login()[pri:0, instance:testCases.TC002_LoginTest@293a5f75]" started-at="2024-08-27T22:19:27 CDT" name="verify_Login" finished-at="2024-08-27T22:19:30 CDT" duration-ms="2464" status="PASS">
          <reporter-output>
          </reporter-output>
        </test-method> <!-- verify_Login -->
        <test-method is-config="true" signature="tearDown()[pri:0, instance:testCases.TC002_LoginTest@293a5f75]" started-at="2024-08-27T22:19:30 CDT" name="tearDown" finished-at="2024-08-27T22:19:30 CDT" duration-ms="238" status="PASS">
          <reporter-output>
          </reporter-output>
        </test-method> <!-- tearDown -->
      </class> <!-- testCases.TC002_LoginTest -->
      <class name="testCases.TC003_LoginDDT">
        <test-method is-config="true" signature="setup(java.lang.String,java.lang.String)[pri:0, instance:testCases.TC003_LoginDDT@fcb4004]" started-at="2024-08-27T22:19:30 CDT" name="setup" finished-at="2024-08-27T22:19:35 CDT" duration-ms="4638" status="PASS">
          <params>
            <param index="0">
              <value>
                <![CDATA[Windows]]>
              </value>
            </param>
            <param index="1">
              <value>
                <![CDATA[chrome]]>
              </value>
            </param>
          </params>
          <reporter-output>
          </reporter-output>
        </test-method> <!-- setup -->
        <test-method signature="verify_loginDDT(java.lang.String,java.lang.String,java.lang.String)[pri:0, instance:testCases.TC003_LoginDDT@fcb4004]" started-at="2024-08-27T22:19:36 CDT" name="verify_loginDDT" data-provider="LoginData" finished-at="2024-08-27T22:19:39 CDT" duration-ms="2992" status="PASS">
          <params>
            <param index="0">
              <value>
                <![CDATA[pavanoltraining@gmail.com]]>
              </value>
            </param>
            <param index="1">
              <value>
                <![CDATA[test@123]]>
              </value>
            </param>
            <param index="2">
              <value>
                <![CDATA[Valid]]>
              </value>
            </param>
          </params>
          <reporter-output>
          </reporter-output>
        </test-method> <!-- verify_loginDDT -->
        <test-method signature="verify_loginDDT(java.lang.String,java.lang.String,java.lang.String)[pri:0, instance:testCases.TC003_LoginDDT@fcb4004]" started-at="2024-08-27T22:19:39 CDT" name="verify_loginDDT" data-provider="LoginData" finished-at="2024-08-27T22:19:50 CDT" duration-ms="11258" status="PASS">
          <params>
            <param index="0">
              <value>
                <![CDATA[lakshimi@yahoo.com]]>
              </value>
            </param>
            <param index="1">
              <value>
                <![CDATA[laxmi]]>
              </value>
            </param>
            <param index="2">
              <value>
                <![CDATA[Invalid]]>
              </value>
            </param>
          </params>
          <reporter-output>
          </reporter-output>
        </test-method> <!-- verify_loginDDT -->
        <test-method signature="verify_loginDDT(java.lang.String,java.lang.String,java.lang.String)[pri:0, instance:testCases.TC003_LoginDDT@fcb4004]" started-at="2024-08-27T22:19:50 CDT" name="verify_loginDDT" data-provider="LoginData" finished-at="2024-08-27T22:20:02 CDT" duration-ms="12128" status="PASS">
          <params>
            <param index="0">
              <value>
                <![CDATA[laksh@gmail.com]]>
              </value>
            </param>
            <param index="1">
              <value>
                <![CDATA[Lakshimi]]>
              </value>
            </param>
            <param index="2">
              <value>
                <![CDATA[Invalid]]>
              </value>
            </param>
          </params>
          <reporter-output>
          </reporter-output>
        </test-method> <!-- verify_loginDDT -->
        <test-method signature="verify_loginDDT(java.lang.String,java.lang.String,java.lang.String)[pri:0, instance:testCases.TC003_LoginDDT@fcb4004]" started-at="2024-08-27T22:20:02 CDT" name="verify_loginDDT" data-provider="LoginData" finished-at="2024-08-27T22:20:15 CDT" duration-ms="12623" status="PASS">
          <params>
            <param index="0">
              <value>
                <![CDATA[laks@gmail.com]]>
              </value>
            </param>
            <param index="1">
              <value>
                <![CDATA[xyzz]]>
              </value>
            </param>
            <param index="2">
              <value>
                <![CDATA[Invalid]]>
              </value>
            </param>
          </params>
          <reporter-output>
          </reporter-output>
        </test-method> <!-- verify_loginDDT -->
        <test-method signature="verify_loginDDT(java.lang.String,java.lang.String,java.lang.String)[pri:0, instance:testCases.TC003_LoginDDT@fcb4004]" started-at="2024-08-27T22:20:15 CDT" name="verify_loginDDT" data-provider="LoginData" finished-at="2024-08-27T22:20:19 CDT" duration-ms="3630" status="PASS">
          <params>
            <param index="0">
              <value>
                <![CDATA[abc123@gmail.com]]>
              </value>
            </param>
            <param index="1">
              <value>
                <![CDATA[test@123]]>
              </value>
            </param>
            <param index="2">
              <value>
                <![CDATA[Valid]]>
              </value>
            </param>
          </params>
          <reporter-output>
          </reporter-output>
        </test-method> <!-- verify_loginDDT -->
        <test-method is-config="true" signature="tearDown()[pri:0, instance:testCases.TC003_LoginDDT@fcb4004]" started-at="2024-08-27T22:20:19 CDT" name="tearDown" finished-at="2024-08-27T22:20:19 CDT" duration-ms="289" status="PASS">
          <reporter-output>
          </reporter-output>
        </test-method> <!-- tearDown -->
      </class> <!-- testCases.TC003_LoginDDT -->
      <class name="testCases.TC001_AccountRegistrationTest">
        <test-method is-config="true" signature="setup(java.lang.String,java.lang.String)[pri:0, instance:testCases.TC001_AccountRegistrationTest@3d97a632]" started-at="2024-08-27T22:19:12 CDT" name="setup" finished-at="2024-08-27T22:19:19 CDT" duration-ms="7120" status="PASS">
          <params>
            <param index="0">
              <value>
                <![CDATA[Windows]]>
              </value>
            </param>
            <param index="1">
              <value>
                <![CDATA[chrome]]>
              </value>
            </param>
          </params>
          <reporter-output>
          </reporter-output>
        </test-method> <!-- setup -->
        <test-method signature="verify_account_registration()[pri:0, instance:testCases.TC001_AccountRegistrationTest@3d97a632]" started-at="2024-08-27T22:19:19 CDT" name="verify_account_registration" finished-at="2024-08-27T22:19:22 CDT" duration-ms="2922" status="PASS">
          <reporter-output>
          </reporter-output>
        </test-method> <!-- verify_account_registration -->
        <test-method is-config="true" signature="tearDown()[pri:0, instance:testCases.TC001_AccountRegistrationTest@3d97a632]" started-at="2024-08-27T22:19:22 CDT" name="tearDown" finished-at="2024-08-27T22:19:22 CDT" duration-ms="244" status="PASS">
          <reporter-output>
          </reporter-output>
        </test-method> <!-- tearDown -->
      </class> <!-- testCases.TC001_AccountRegistrationTest -->
    </test> <!-- Test -->
  </suite> <!-- Master Suite -->
</testng-results>
