<?xml version="1.0" encoding="UTF-8"?>
<!-- Generated by org.testng.reporters.JUnitReportReporter -->
<testsuite hostname="Akeem" failures="0" tests="9" name="testCases.TC005_Checkout" time="40.260" errors="0" timestamp="2025-01-07T11:31:23 CST" skipped="0">
  <testcase classname="testCases.TC005_Checkout" name="verify_Add_to_cart" time="1.484"/>
  <system-out/>
  <testcase classname="testCases.TC005_Checkout" name="verify_successfully_checkedout" time="8.354"/>
  <system-out/>
  <testcase classname="testCases.TC005_Checkout" name="verify_products_successfully_deleted" time="6.721"/>
  <system-out/>
  <testcase classname="testCases.TC005_Checkout" name="verifyItemCountAndPrices_Matches_TotalPrice_" time="3.980"/>
  <system-out/>
  <testcase classname="testCases.TC005_Checkout" name="verifyItemCountAndPrices_Matches_TotalPrice_" time="3.888"/>
  <system-out/>
  <testcase classname="testCases.TC005_Checkout" name="verifyItemCountAndPrices_Matches_TotalPrice_" time="3.895"/>
  <system-out/>
  <testcase classname="testCases.TC005_Checkout" name="verifyItemCountAndPrices_Matches_TotalPrice_" time="3.935"/>
  <system-out/>
  <testcase classname="testCases.TC005_Checkout" name="verifyItemCountAndPrices_Matches_TotalPrice_" time="4.014"/>
  <system-out/>
  <testcase classname="testCases.TC005_Checkout" name="verifyItemCountAndPrices_Matches_TotalPrice_" time="3.989"/>
  <system-out/>
</testsuite> <!-- testCases.TC005_Checkout -->
