<?xml version="1.0" encoding="UTF-8"?>
<!-- Generated by org.testng.reporters.JUnitReportReporter -->
<testsuite hostname="Akeem" failures="0" tests="6" name="testCases.TC006_WishList" time="40.271" errors="0" timestamp="2025-01-07T11:31:23 CST" skipped="0">
  <testcase classname="testCases.TC006_WishList" name="writeReview" time="8.029"/>
  <system-out/>
  <testcase classname="testCases.TC006_WishList" name="addToWishList" time="5.636"/>
  <system-out/>
  <testcase classname="testCases.TC006_WishList" name="testSubmitReviewWithoutText" time="6.054"/>
  <system-out/>
  <testcase classname="testCases.TC006_WishList" name="testSubmitReviewWithoutRating" time="7.079"/>
  <system-out/>
  <testcase classname="testCases.TC006_WishList" name="testSubmitReviewWithoutChararcters" time="6.595"/>
  <system-out/>
  <testcase classname="testCases.TC006_WishList" name="testReviewCharacterLimit" time="6.878"/>
  <system-out/>
</testsuite> <!-- testCases.TC006_WishList -->
