<?xml version="1.0" encoding="UTF-8"?>
<!-- Generated by org.testng.reporters.JUnitReportReporter -->
<testsuite hostname="Akeem" failures="0" tests="9" name="testCases.TC005_Checkout" time="38.589" errors="0" timestamp="2025-03-24T09:39:30 CDT" skipped="0">
  <testcase classname="testCases.TC005_Checkout" name="verify_Add_to_cart" time="1.186"/>
  <system-out/>
  <testcase classname="testCases.TC005_Checkout" name="verify_successfully_checkedout" time="7.455"/>
  <system-out/>
  <testcase classname="testCases.TC005_Checkout" name="verify_products_successfully_deleted" time="6.271"/>
  <system-out/>
  <testcase classname="testCases.TC005_Checkout" name="verifyItemCountAndPrices_Matches_TotalPrice_" time="3.835"/>
  <system-out/>
  <testcase classname="testCases.TC005_Checkout" name="verifyItemCountAndPrices_Matches_TotalPrice_" time="3.858"/>
  <system-out/>
  <testcase classname="testCases.TC005_Checkout" name="verifyItemCountAndPrices_Matches_TotalPrice_" time="4.643"/>
  <system-out/>
  <testcase classname="testCases.TC005_Checkout" name="verifyItemCountAndPrices_Matches_TotalPrice_" time="3.605"/>
  <system-out/>
  <testcase classname="testCases.TC005_Checkout" name="verifyItemCountAndPrices_Matches_TotalPrice_" time="3.920"/>
  <system-out/>
  <testcase classname="testCases.TC005_Checkout" name="verifyItemCountAndPrices_Matches_TotalPrice_" time="3.816"/>
  <system-out/>
</testsuite> <!-- testCases.TC005_Checkout -->
