<?xml version="1.0" encoding="UTF-8"?>
<!-- Generated by org.testng.reporters.JUnitReportReporter -->
<testsuite hostname="Akeem" failures="0" tests="16" name="testCases.TC004_SearchProducts" time="153.507" errors="0" timestamp="2025-01-07T11:31:23 CST" skipped="0">
  <testcase classname="testCases.TC004_SearchProducts" name="verify_searchProducts" time="11.318"/>
  <system-out/>
  <testcase classname="testCases.TC004_SearchProducts" name="verify_searchProducts" time="11.444"/>
  <system-out/>
  <testcase classname="testCases.TC004_SearchProducts" name="verify_searchProducts" time="11.771"/>
  <system-out/>
  <testcase classname="testCases.TC004_SearchProducts" name="verify_searchProducts" time="11.254"/>
  <system-out/>
  <testcase classname="testCases.TC004_SearchProducts" name="verify_searchProducts" time="10.841"/>
  <system-out/>
  <testcase classname="testCases.TC004_SearchProducts" name="verify_searchProducts" time="11.903"/>
  <system-out/>
  <testcase classname="testCases.TC004_SearchProducts" name="verify_searchProducts" time="11.359"/>
  <system-out/>
  <testcase classname="testCases.TC004_SearchProducts" name="verify_searchProducts" time="11.734"/>
  <system-out/>
  <testcase classname="testCases.TC004_SearchProducts" name="verify_searchProducts" time="11.517"/>
  <system-out/>
  <testcase classname="testCases.TC004_SearchProducts" name="verify_adding_multiple_items_to_cart" time="7.241"/>
  <system-out/>
  <testcase classname="testCases.TC004_SearchProducts" name="verify_adding_multiple_items_to_cart" time="7.332"/>
  <system-out/>
  <testcase classname="testCases.TC004_SearchProducts" name="verify_adding_multiple_items_to_cart" time="6.922"/>
  <system-out/>
  <testcase classname="testCases.TC004_SearchProducts" name="verify_adding_multiple_items_to_cart" time="6.945"/>
  <system-out/>
  <testcase classname="testCases.TC004_SearchProducts" name="verify_adding_multiple_items_to_cart" time="7.153"/>
  <system-out/>
  <testcase classname="testCases.TC004_SearchProducts" name="verify_adding_multiple_items_to_cart" time="7.553"/>
  <system-out/>
  <testcase classname="testCases.TC004_SearchProducts" name="verify_adding_multiple_items_to_cart" time="7.220"/>
  <system-out/>
</testsuite> <!-- testCases.TC004_SearchProducts -->
