<?xml version="1.0" encoding="UTF-8"?>
<!-- Generated by org.testng.reporters.JUnitReportReporter -->
<testsuite hostname="Akeem" failures="0" tests="16" name="testCases.TC004_SearchProducts" time="155.022" errors="0" timestamp="2025-03-24T09:39:30 CDT" skipped="0">
  <testcase classname="testCases.TC004_SearchProducts" name="verify_searchProducts" time="12.585"/>
  <system-out/>
  <testcase classname="testCases.TC004_SearchProducts" name="verify_searchProducts" time="11.514"/>
  <system-out/>
  <testcase classname="testCases.TC004_SearchProducts" name="verify_searchProducts" time="11.228"/>
  <system-out/>
  <testcase classname="testCases.TC004_SearchProducts" name="verify_searchProducts" time="11.819"/>
  <system-out/>
  <testcase classname="testCases.TC004_SearchProducts" name="verify_searchProducts" time="11.492"/>
  <system-out/>
  <testcase classname="testCases.TC004_SearchProducts" name="verify_searchProducts" time="11.539"/>
  <system-out/>
  <testcase classname="testCases.TC004_SearchProducts" name="verify_searchProducts" time="11.234"/>
  <system-out/>
  <testcase classname="testCases.TC004_SearchProducts" name="verify_searchProducts" time="11.675"/>
  <system-out/>
  <testcase classname="testCases.TC004_SearchProducts" name="verify_searchProducts" time="11.251"/>
  <system-out/>
  <testcase classname="testCases.TC004_SearchProducts" name="verify_adding_multiple_items_to_cart" time="7.264"/>
  <system-out/>
  <testcase classname="testCases.TC004_SearchProducts" name="verify_adding_multiple_items_to_cart" time="6.846"/>
  <system-out/>
  <testcase classname="testCases.TC004_SearchProducts" name="verify_adding_multiple_items_to_cart" time="7.295"/>
  <system-out/>
  <testcase classname="testCases.TC004_SearchProducts" name="verify_adding_multiple_items_to_cart" time="7.172"/>
  <system-out/>
  <testcase classname="testCases.TC004_SearchProducts" name="verify_adding_multiple_items_to_cart" time="7.950"/>
  <system-out/>
  <testcase classname="testCases.TC004_SearchProducts" name="verify_adding_multiple_items_to_cart" time="6.549"/>
  <system-out/>
  <testcase classname="testCases.TC004_SearchProducts" name="verify_adding_multiple_items_to_cart" time="7.609"/>
  <system-out/>
</testsuite> <!-- testCases.TC004_SearchProducts -->
