<?xml version="1.0" encoding="UTF-8"?>
<!-- Generated by org.testng.reporters.JUnitReportReporter -->
<testsuite hostname="Akeem" failures="0" tests="9" name="testCases.TC005_Checkout" time="58.901" errors="0" timestamp="2025-02-19T11:13:52 CST" skipped="0">
  <testcase classname="testCases.TC005_Checkout" name="verify_Add_to_cart" time="1.972"/>
  <system-out/>
  <testcase classname="testCases.TC005_Checkout" name="verify_successfully_checkedout" time="10.510"/>
  <system-out/>
  <testcase classname="testCases.TC005_Checkout" name="verify_products_successfully_deleted" time="8.313"/>
  <system-out/>
  <testcase classname="testCases.TC005_Checkout" name="verifyItemCountAndPrices_Matches_TotalPrice_" time="7.066"/>
  <system-out/>
  <testcase classname="testCases.TC005_Checkout" name="verifyItemCountAndPrices_Matches_TotalPrice_" time="6.177"/>
  <system-out/>
  <testcase classname="testCases.TC005_Checkout" name="verifyItemCountAndPrices_Matches_TotalPrice_" time="6.427"/>
  <system-out/>
  <testcase classname="testCases.TC005_Checkout" name="verifyItemCountAndPrices_Matches_TotalPrice_" time="6.356"/>
  <system-out/>
  <testcase classname="testCases.TC005_Checkout" name="verifyItemCountAndPrices_Matches_TotalPrice_" time="5.854"/>
  <system-out/>
  <testcase classname="testCases.TC005_Checkout" name="verifyItemCountAndPrices_Matches_TotalPrice_" time="6.226"/>
  <system-out/>
</testsuite> <!-- testCases.TC005_Checkout -->
