<?xml version="1.0" encoding="UTF-8"?>
<!-- Generated by org.testng.reporters.JUnitReportReporter -->
<testsuite hostname="Akeem" failures="0" tests="16" name="testCases.TC004_SearchProducts" time="175.177" errors="0" timestamp="2025-02-19T11:13:52 CST" skipped="0">
  <testcase classname="testCases.TC004_SearchProducts" name="verify_searchProducts" time="12.648"/>
  <system-out/>
  <testcase classname="testCases.TC004_SearchProducts" name="verify_searchProducts" time="12.172"/>
  <system-out/>
  <testcase classname="testCases.TC004_SearchProducts" name="verify_searchProducts" time="12.799"/>
  <system-out/>
  <testcase classname="testCases.TC004_SearchProducts" name="verify_searchProducts" time="12.041"/>
  <system-out/>
  <testcase classname="testCases.TC004_SearchProducts" name="verify_searchProducts" time="12.079"/>
  <system-out/>
  <testcase classname="testCases.TC004_SearchProducts" name="verify_searchProducts" time="12.436"/>
  <system-out/>
  <testcase classname="testCases.TC004_SearchProducts" name="verify_searchProducts" time="12.072"/>
  <system-out/>
  <testcase classname="testCases.TC004_SearchProducts" name="verify_searchProducts" time="12.404"/>
  <system-out/>
  <testcase classname="testCases.TC004_SearchProducts" name="verify_searchProducts" time="12.674"/>
  <system-out/>
  <testcase classname="testCases.TC004_SearchProducts" name="verify_adding_multiple_items_to_cart" time="8.939"/>
  <system-out/>
  <testcase classname="testCases.TC004_SearchProducts" name="verify_adding_multiple_items_to_cart" time="9.640"/>
  <system-out/>
  <testcase classname="testCases.TC004_SearchProducts" name="verify_adding_multiple_items_to_cart" time="8.809"/>
  <system-out/>
  <testcase classname="testCases.TC004_SearchProducts" name="verify_adding_multiple_items_to_cart" time="8.917"/>
  <system-out/>
  <testcase classname="testCases.TC004_SearchProducts" name="verify_adding_multiple_items_to_cart" time="9.572"/>
  <system-out/>
  <testcase classname="testCases.TC004_SearchProducts" name="verify_adding_multiple_items_to_cart" time="9.324"/>
  <system-out/>
  <testcase classname="testCases.TC004_SearchProducts" name="verify_adding_multiple_items_to_cart" time="8.651"/>
  <system-out/>
</testsuite> <!-- testCases.TC004_SearchProducts -->
